<?xml version="1.0" encoding="UTF-8"?>
<!-- Generated by org.testng.reporters.JUnitReportReporter -->
<testsuite hostname="User-PC" failures="0" tests="1" name="extentreport.ExtentDemo" time="18.362" errors="0" timestamp="25 Mar 2021 15:22:24 GMT">
  <testcase classname="extentreport.ExtentDemo" name="extentReportsDemo" time="18.362"/>
</testsuite> <!-- extentreport.ExtentDemo -->
